  Utils.cpp
  main.cpp
  Renderer.cpp
C:\Program Files (x86)\Windows Kits\10\Include\10.0.22621.0\shared\minwindef.h(130,9): warning C4005: "APIENTRY": Makro-Neudefinition
  (Quelldatei „src/Renderer.cpp“ wird kompiliert)
      E:\Programs\vcpkg\installed\x64-windows\include\glad\glad.h(32,9):
      siehe vorherige Definition von "APIENTRY"
  
  Shader.cpp
C:\Program Files (x86)\Windows Kits\10\Include\10.0.22621.0\shared\minwindef.h(130,9): warning C4005: "APIENTRY": Makro-Neudefinition
  (Quelldatei „src/Shader.cpp“ wird kompiliert)
      E:\Programs\vcpkg\installed\x64-windows\include\glad\glad.h(32,9):
      siehe vorherige Definition von "APIENTRY"
  
  Code wird generiert.
  2147 of 3704 functions (58.0%) were compiled, the rest were copied from previous compilation.
    201 functions were new in current compilation
    183 functions had inline decision re-evaluated but remain unchanged
  Codegenerierung ist abgeschlossen.
  Ray-Tracing.vcxproj -> D:\Projects\Ray-Tracing\bin\Release-x64\Ray-Tracing.exe
  Der Befehl "pwsh.exe" ist entweder falsch geschrieben oder
  konnte nicht gefunden werden.
